<?xml version="1.0" encoding="UTF-8"?>
<!-- Generated by org.testng.reporters.JUnitXMLReporter -->
<testsuite hostname="DESKTOP-BAKBKRD" ignored="0" name="Test" tests="5" failures="1" timestamp="19 Jan 2019 12:35:13 GMT" time="38.859" errors="0">
  <testcase name="test_gmailLink" time="15.882" classname="com.training.selenium.TestNG.TestGoogle"/>
  <testcase name="test_google_title" time="8.457" classname="com.training.selenium.TestNG.TestGoogle"/>
  <testcase name="f" time="0.015" classname="com.training.selenium.TestNG.TestValidationsSelenium"/>
  <testcase name="test_b" time="0.0" classname="com.training.selenium.TestNG.TestValidationsSelenium"/>
  <testcase name="test_search_box_content" time="14.429" classname="com.training.selenium.TestNG.TestSearchboxContent">
    <failure type="java.lang.AssertionError" message="expected [Java] but found []">
      <![CDATA[java.lang.AssertionError: expected [Java] but found []
at com.training.selenium.TestNG.TestSearchboxContent.test_search_box_content(TestSearchboxContent.java:25)
... Removed 31 stack frames]]>
    </failure>
  </testcase> <!-- test_search_box_content -->
</testsuite> <!-- Test -->
